<?xml version="1.0" encoding="UTF-8"?>
<!-- Generated by org.testng.reporters.JUnitReportReporter -->
<testsuite hostname="LAPTOP-UL4VISUC" failures="0" tests="2" name="TestNG_Annotations1.TestNG_Annotations1.Annotations" time="0.012" errors="0" timestamp="2024-07-02T15:40:35 IST" skipped="0">
  <testcase classname="TestNG_Annotations1.TestNG_Annotations1.Annotations" name="Advsearch" time="0.008"/>
  <system-out/>
  <testcase classname="TestNG_Annotations1.TestNG_Annotations1.Annotations" name="Search" time="0.004"/>
  <system-out/>
</testsuite> <!-- TestNG_Annotations1.TestNG_Annotations1.Annotations -->
