<?xml version="1.0" encoding="UTF-8"?>
<!-- Generated by org.testng.reporters.JUnitReportReporter -->
<testsuite hostname="LAPTOP-UL4VISUC" failures="0" tests="1" name="TestNG_Annotations1.TestNG_Annotations1.All_Annotations" time="0.009" errors="0" timestamp="2024-07-02T16:13:47 IST" skipped="0">
  <testcase classname="TestNG_Annotations1.TestNG_Annotations1.All_Annotations" name="n" time="0.009"/>
  <system-out/>
</testsuite> <!-- TestNG_Annotations1.TestNG_Annotations1.All_Annotations -->
